<?xml version="1.0" encoding="UTF-8"?>
<!-- Generated by org.testng.reporters.JUnitReportReporter -->
<testsuite hostname="DESKTOP-0MLL92R" failures="0" tests="1" name="TestAPi" time="3.577" errors="0" timestamp="2020-12-21T20:02:06 PST" skipped="0">
  <testcase classname="TestAPi" name="GetWeatherDetails" time="3.577"/>
  <system-out/>
</testsuite> <!-- TestAPi -->
